<?xml version="1.0" encoding="UTF-8" standalone="no"?><testsuite errors="0" failures="0" name="Product" skipped="0" tests="8" time="0.74" timestamp="2023-05-12 04:40:42"><testcase name="GET As admin I have be able to get all product"/><testcase name="GET api endpoints for products by ID"/><testcase name="DELETE api endpoints"/><testcase name="POST endpoints for create new products"/><testcase name="GET api endpoints for products ratings"/><testcase name="GET api endpoints for products comments"/><testcase name="POST api endpoints for assign a product ratings"/><testcase name="POST api endpoints for create comment for products"/></testsuite>